<?xml version="1.0" encoding="UTF-8"?>
<testsuite xmlns:xsi="http://www.w3.org/2001/XMLSchema-instance" xsi:noNamespaceSchemaLocation="https://maven.apache.org/surefire/maven-surefire-plugin/xsd/surefire-test-report-3.0.xsd" version="3.0" name="com.example.CalculatorTest$NegativeNumberTests" time="0.021" tests="21" errors="0" skipped="1" failures="0">
  <properties>
    <property name="java.specification.version" value="21"/>
    <property name="sun.cpu.isalist" value="amd64"/>
    <property name="sun.jnu.encoding" value="Cp1252"/>
    <property name="java.class.path" value="C:\Users\penme\OneDrive\Documents\GitHub\intellij_git\target\test-classes;C:\Users\penme\OneDrive\Documents\GitHub\intellij_git\target\classes;C:\Users\penme\.m2\repository\org\junit\jupiter\junit-jupiter-api\5.10.2\junit-jupiter-api-5.10.2.jar;C:\Users\penme\.m2\repository\org\opentest4j\opentest4j\1.3.0\opentest4j-1.3.0.jar;C:\Users\penme\.m2\repository\org\junit\platform\junit-platform-commons\1.10.2\junit-platform-commons-1.10.2.jar;C:\Users\penme\.m2\repository\org\apiguardian\apiguardian-api\1.1.2\apiguardian-api-1.1.2.jar;C:\Users\penme\.m2\repository\org\junit\jupiter\junit-jupiter-engine\5.10.2\junit-jupiter-engine-5.10.2.jar;C:\Users\penme\.m2\repository\org\junit\platform\junit-platform-engine\1.10.2\junit-platform-engine-1.10.2.jar;C:\Users\penme\.m2\repository\org\junit\jupiter\junit-jupiter-params\5.10.2\junit-jupiter-params-5.10.2.jar;"/>
    <property name="java.vm.vendor" value="Azul Systems, Inc."/>
    <property name="sun.arch.data.model" value="64"/>
    <property name="user.variant" value=""/>
    <property name="java.vendor.url" value="http://www.azul.com/"/>
    <property name="user.timezone" value="Africa/Johannesburg"/>
    <property name="os.name" value="Windows 11"/>
    <property name="java.vm.specification.version" value="21"/>
    <property name="sun.java.launcher" value="SUN_STANDARD"/>
    <property name="user.country" value="ZA"/>
    <property name="sun.boot.library.path" value="C:\Users\penme\.jdks\azul-21.0.8\bin"/>
    <property name="sun.java.command" value="C:\Users\penme\AppData\Local\Temp\surefire4069821378822189354\surefirebooter-20251028093847980_3.jar C:\Users\penme\AppData\Local\Temp\surefire4069821378822189354 2025-10-28T09-38-47_677-jvmRun1 surefire-20251028093847980_1tmp surefire_0-20251028093847980_2tmp"/>
    <property name="jdk.debug" value="release"/>
    <property name="surefire.test.class.path" value="C:\Users\penme\OneDrive\Documents\GitHub\intellij_git\target\test-classes;C:\Users\penme\OneDrive\Documents\GitHub\intellij_git\target\classes;C:\Users\penme\.m2\repository\org\junit\jupiter\junit-jupiter-api\5.10.2\junit-jupiter-api-5.10.2.jar;C:\Users\penme\.m2\repository\org\opentest4j\opentest4j\1.3.0\opentest4j-1.3.0.jar;C:\Users\penme\.m2\repository\org\junit\platform\junit-platform-commons\1.10.2\junit-platform-commons-1.10.2.jar;C:\Users\penme\.m2\repository\org\apiguardian\apiguardian-api\1.1.2\apiguardian-api-1.1.2.jar;C:\Users\penme\.m2\repository\org\junit\jupiter\junit-jupiter-engine\5.10.2\junit-jupiter-engine-5.10.2.jar;C:\Users\penme\.m2\repository\org\junit\platform\junit-platform-engine\1.10.2\junit-platform-engine-1.10.2.jar;C:\Users\penme\.m2\repository\org\junit\jupiter\junit-jupiter-params\5.10.2\junit-jupiter-params-5.10.2.jar;"/>
    <property name="sun.cpu.endian" value="little"/>
    <property name="user.home" value="C:\Users\penme"/>
    <property name="user.language" value="en"/>
    <property name="java.specification.vendor" value="Oracle Corporation"/>
    <property name="java.version.date" value="2025-07-15"/>
    <property name="java.home" value="C:\Users\penme\.jdks\azul-21.0.8"/>
    <property name="file.separator" value="\"/>
    <property name="basedir" value="C:\Users\penme\OneDrive\Documents\GitHub\intellij_git"/>
    <property name="java.vm.compressedOopsMode" value="Zero based"/>
    <property name="line.separator" value="&#10;"/>
    <property name="java.vm.specification.vendor" value="Oracle Corporation"/>
    <property name="java.specification.name" value="Java Platform API Specification"/>
    <property name="surefire.real.class.path" value="C:\Users\penme\AppData\Local\Temp\surefire4069821378822189354\surefirebooter-20251028093847980_3.jar"/>
    <property name="user.script" value=""/>
    <property name="sun.management.compiler" value="HotSpot 64-Bit Tiered Compilers"/>
    <property name="java.runtime.version" value="21.0.8+9-LTS"/>
    <property name="user.name" value="penme"/>
    <property name="stdout.encoding" value="Cp1252"/>
    <property name="path.separator" value=";"/>
    <property name="os.version" value="10.0"/>
    <property name="java.runtime.name" value="OpenJDK Runtime Environment"/>
    <property name="file.encoding" value="UTF-8"/>
    <property name="java.vm.name" value="OpenJDK 64-Bit Server VM"/>
    <property name="java.vendor.version" value="Zulu21.44+17-CA"/>
    <property name="localRepository" value="C:\Users\penme\.m2\repository"/>
    <property name="java.vendor.url.bug" value="http://www.azul.com/support/"/>
    <property name="java.io.tmpdir" value="C:\Users\penme\AppData\Local\Temp\"/>
    <property name="java.version" value="21.0.8"/>
    <property name="user.dir" value="C:\Users\penme\OneDrive\Documents\GitHub\intellij_git"/>
    <property name="os.arch" value="amd64"/>
    <property name="java.vm.specification.name" value="Java Virtual Machine Specification"/>
    <property name="sun.os.patch.level" value=""/>
    <property name="native.encoding" value="Cp1252"/>
    <property name="java.library.path" value="C:\Users\penme\.jdks\azul-21.0.8\bin;C:\Windows\Sun\Java\bin;C:\Windows\system32;C:\Windows;C:\Windows\system32;C:\Windows;C:\Windows\System32\Wbem;C:\Windows\System32\WindowsPowerShell\v1.0\;C:\Windows\System32\OpenSSH\;C:\Program Files\nodejs\;C:\Program Files\Docker\Docker\resources\bin;C:\Program Files\Git\cmd;C:\Users\penme\AppData\Local\Microsoft\WindowsApps;C:\Users\penme\AppData\Local\Programs\Microsoft VS Code\bin;C:\Users\penme\AppData\Roaming\npm;C:\Users\penme\AppData\Local\GitHubDesktop\bin;C:\Program Files (x86)\apache-maven-3.9.11-bin\apache-maven-3.9.11\bin;C:\Users\penme\.jdks\azul-21.0.8\bin;C:\Users\penme\.jdks\azul-21.0.8\;;."/>
    <property name="java.vm.info" value="mixed mode, sharing"/>
    <property name="stderr.encoding" value="Cp1252"/>
    <property name="java.vendor" value="Azul Systems, Inc."/>
    <property name="java.vm.version" value="21.0.8+9-LTS"/>
    <property name="sun.io.unicode.encoding" value="UnicodeLittle"/>
    <property name="java.class.version" value="65.0"/>
  </properties>
  <testcase name="testAddition" classname="com.example.CalculatorTest" time="0.038">
    <system-out><![CDATA[=== Starting Calculator Test Suite ===
Test #1 starting...
Test #1 completed.
]]></system-out>
  </testcase>
  <testcase name="testSubtraction" classname="com.example.CalculatorTest" time="0.0">
    <system-out><![CDATA[Test #2 starting...
Test #2 completed.
]]></system-out>
  </testcase>
  <testcase name="testMultiplication" classname="com.example.CalculatorTest" time="0.003">
    <system-out><![CDATA[Test #3 starting...
Test #3 completed.
]]></system-out>
  </testcase>
  <testcase name="testDivision" classname="com.example.CalculatorTest" time="0.003">
    <system-out><![CDATA[Test #4 starting...
Test #4 completed.
]]></system-out>
  </testcase>
  <testcase name="testDivisionByZero" classname="com.example.CalculatorTest" time="0.005">
    <system-out><![CDATA[Test #5 starting...
Test #5 completed.
]]></system-out>
  </testcase>
  <testcase name="testIsEven(int)[1]" classname="com.example.CalculatorTest" time="0.051">
    <system-out><![CDATA[Test #6 starting...
Test #6 completed.
]]></system-out>
  </testcase>
  <testcase name="testIsEven(int)[2]" classname="com.example.CalculatorTest" time="0.003">
    <system-out><![CDATA[Test #7 starting...
Test #7 completed.
]]></system-out>
  </testcase>
  <testcase name="testIsEven(int)[3]" classname="com.example.CalculatorTest" time="0.01">
    <system-out><![CDATA[Test #8 starting...
Test #8 completed.
]]></system-out>
  </testcase>
  <testcase name="testIsEven(int)[4]" classname="com.example.CalculatorTest" time="0.0">
    <system-out><![CDATA[Test #9 starting...
Test #9 completed.
]]></system-out>
  </testcase>
  <testcase name="testIsEven(int)[5]" classname="com.example.CalculatorTest" time="0.003">
    <system-out><![CDATA[Test #10 starting...
Test #10 completed.
]]></system-out>
  </testcase>
  <testcase name="testSquare(int, int)[1]" classname="com.example.CalculatorTest" time="0.012">
    <system-out><![CDATA[Test #11 starting...
Test #11 completed.
]]></system-out>
  </testcase>
  <testcase name="testSquare(int, int)[2]" classname="com.example.CalculatorTest" time="0.003">
    <system-out><![CDATA[Test #12 starting...
Test #12 completed.
]]></system-out>
  </testcase>
  <testcase name="testSquare(int, int)[3]" classname="com.example.CalculatorTest" time="0.0">
    <system-out><![CDATA[Test #13 starting...
Test #13 completed.
]]></system-out>
  </testcase>
  <testcase name="testSquare(int, int)[4]" classname="com.example.CalculatorTest" time="0.0">
    <system-out><![CDATA[Test #14 starting...
Test #14 completed.
]]></system-out>
  </testcase>
  <testcase name="testPerformance" classname="com.example.CalculatorTest" time="0.003">
    <system-out><![CDATA[Test #15 starting...
Test #15 completed.
]]></system-out>
  </testcase>
  <testcase name="testMultipleAssertions" classname="com.example.CalculatorTest" time="0.006">
    <system-out><![CDATA[Test #16 starting...
Test #16 completed.
]]></system-out>
  </testcase>
  <testcase name="testOnWindows" classname="com.example.CalculatorTest" time="0.003">
    <system-out><![CDATA[Test #17 starting...
Test #17 completed.
]]></system-out>
  </testcase>
  <testcase name="testComplexCalculation" classname="com.example.CalculatorTest" time="0.0">
    <skipped message="Not implemented yet"/>
  </testcase>
  <testcase name="testWithAssumptions" classname="com.example.CalculatorTest" time="0.003">
    <system-out><![CDATA[Test #18 starting...
Test #18 completed.
]]></system-out>
  </testcase>
  <testcase name="testAddNegative" classname="com.example.CalculatorTest$NegativeNumberTests" time="0.0">
    <system-out><![CDATA[Test #19 starting...
Test #19 completed.
]]></system-out>
  </testcase>
  <testcase name="testMultiplyNegative" classname="com.example.CalculatorTest$NegativeNumberTests" time="0.012">
    <system-out><![CDATA[Test #20 starting...
Test #20 completed.
]]></system-out>
  </testcase>
</testsuite>