<?xml version="1.0" encoding="UTF-8"?>
<testsuite xmlns:xsi="http://www.w3.org/2001/XMLSchema-instance" xsi:noNamespaceSchemaLocation="https://maven.apache.org/surefire/maven-surefire-plugin/xsd/surefire-test-report-3.0.xsd" version="3.0" name="com.example.ShoppingCartTest$EdgeCaseTests" time="0.045" tests="9" errors="0" skipped="0" failures="0">
  <properties>
    <property name="java.specification.version" value="21"/>
    <property name="sun.cpu.isalist" value="amd64"/>
    <property name="sun.jnu.encoding" value="Cp1252"/>
    <property name="java.class.path" value="C:\Users\penme\OneDrive\Documents\GitHub\intellij_git\target\test-classes;C:\Users\penme\OneDrive\Documents\GitHub\intellij_git\target\classes;C:\Users\penme\.m2\repository\org\junit\jupiter\junit-jupiter-api\5.10.2\junit-jupiter-api-5.10.2.jar;C:\Users\penme\.m2\repository\org\opentest4j\opentest4j\1.3.0\opentest4j-1.3.0.jar;C:\Users\penme\.m2\repository\org\junit\platform\junit-platform-commons\1.10.2\junit-platform-commons-1.10.2.jar;C:\Users\penme\.m2\repository\org\apiguardian\apiguardian-api\1.1.2\apiguardian-api-1.1.2.jar;C:\Users\penme\.m2\repository\org\junit\jupiter\junit-jupiter-engine\5.10.2\junit-jupiter-engine-5.10.2.jar;C:\Users\penme\.m2\repository\org\junit\platform\junit-platform-engine\1.10.2\junit-platform-engine-1.10.2.jar;C:\Users\penme\.m2\repository\org\junit\jupiter\junit-jupiter-params\5.10.2\junit-jupiter-params-5.10.2.jar;"/>
    <property name="java.vm.vendor" value="Azul Systems, Inc."/>
    <property name="sun.arch.data.model" value="64"/>
    <property name="user.variant" value=""/>
    <property name="java.vendor.url" value="http://www.azul.com/"/>
    <property name="user.timezone" value="Africa/Johannesburg"/>
    <property name="os.name" value="Windows 11"/>
    <property name="java.vm.specification.version" value="21"/>
    <property name="sun.java.launcher" value="SUN_STANDARD"/>
    <property name="user.country" value="ZA"/>
    <property name="sun.boot.library.path" value="C:\Users\penme\.jdks\azul-21.0.8\bin"/>
    <property name="sun.java.command" value="C:\Users\penme\AppData\Local\Temp\surefire4069821378822189354\surefirebooter-20251028093847980_3.jar C:\Users\penme\AppData\Local\Temp\surefire4069821378822189354 2025-10-28T09-38-47_677-jvmRun1 surefire-20251028093847980_1tmp surefire_0-20251028093847980_2tmp"/>
    <property name="jdk.debug" value="release"/>
    <property name="surefire.test.class.path" value="C:\Users\penme\OneDrive\Documents\GitHub\intellij_git\target\test-classes;C:\Users\penme\OneDrive\Documents\GitHub\intellij_git\target\classes;C:\Users\penme\.m2\repository\org\junit\jupiter\junit-jupiter-api\5.10.2\junit-jupiter-api-5.10.2.jar;C:\Users\penme\.m2\repository\org\opentest4j\opentest4j\1.3.0\opentest4j-1.3.0.jar;C:\Users\penme\.m2\repository\org\junit\platform\junit-platform-commons\1.10.2\junit-platform-commons-1.10.2.jar;C:\Users\penme\.m2\repository\org\apiguardian\apiguardian-api\1.1.2\apiguardian-api-1.1.2.jar;C:\Users\penme\.m2\repository\org\junit\jupiter\junit-jupiter-engine\5.10.2\junit-jupiter-engine-5.10.2.jar;C:\Users\penme\.m2\repository\org\junit\platform\junit-platform-engine\1.10.2\junit-platform-engine-1.10.2.jar;C:\Users\penme\.m2\repository\org\junit\jupiter\junit-jupiter-params\5.10.2\junit-jupiter-params-5.10.2.jar;"/>
    <property name="sun.cpu.endian" value="little"/>
    <property name="user.home" value="C:\Users\penme"/>
    <property name="user.language" value="en"/>
    <property name="java.specification.vendor" value="Oracle Corporation"/>
    <property name="java.version.date" value="2025-07-15"/>
    <property name="java.home" value="C:\Users\penme\.jdks\azul-21.0.8"/>
    <property name="file.separator" value="\"/>
    <property name="basedir" value="C:\Users\penme\OneDrive\Documents\GitHub\intellij_git"/>
    <property name="java.vm.compressedOopsMode" value="Zero based"/>
    <property name="line.separator" value="&#10;"/>
    <property name="java.vm.specification.vendor" value="Oracle Corporation"/>
    <property name="java.specification.name" value="Java Platform API Specification"/>
    <property name="surefire.real.class.path" value="C:\Users\penme\AppData\Local\Temp\surefire4069821378822189354\surefirebooter-20251028093847980_3.jar"/>
    <property name="user.script" value=""/>
    <property name="sun.management.compiler" value="HotSpot 64-Bit Tiered Compilers"/>
    <property name="java.runtime.version" value="21.0.8+9-LTS"/>
    <property name="user.name" value="penme"/>
    <property name="stdout.encoding" value="Cp1252"/>
    <property name="path.separator" value=";"/>
    <property name="os.version" value="10.0"/>
    <property name="java.runtime.name" value="OpenJDK Runtime Environment"/>
    <property name="file.encoding" value="UTF-8"/>
    <property name="java.vm.name" value="OpenJDK 64-Bit Server VM"/>
    <property name="java.vendor.version" value="Zulu21.44+17-CA"/>
    <property name="localRepository" value="C:\Users\penme\.m2\repository"/>
    <property name="java.vendor.url.bug" value="http://www.azul.com/support/"/>
    <property name="java.io.tmpdir" value="C:\Users\penme\AppData\Local\Temp\"/>
    <property name="java.version" value="21.0.8"/>
    <property name="user.dir" value="C:\Users\penme\OneDrive\Documents\GitHub\intellij_git"/>
    <property name="os.arch" value="amd64"/>
    <property name="java.vm.specification.name" value="Java Virtual Machine Specification"/>
    <property name="sun.os.patch.level" value=""/>
    <property name="native.encoding" value="Cp1252"/>
    <property name="java.library.path" value="C:\Users\penme\.jdks\azul-21.0.8\bin;C:\Windows\Sun\Java\bin;C:\Windows\system32;C:\Windows;C:\Windows\system32;C:\Windows;C:\Windows\System32\Wbem;C:\Windows\System32\WindowsPowerShell\v1.0\;C:\Windows\System32\OpenSSH\;C:\Program Files\nodejs\;C:\Program Files\Docker\Docker\resources\bin;C:\Program Files\Git\cmd;C:\Users\penme\AppData\Local\Microsoft\WindowsApps;C:\Users\penme\AppData\Local\Programs\Microsoft VS Code\bin;C:\Users\penme\AppData\Roaming\npm;C:\Users\penme\AppData\Local\GitHubDesktop\bin;C:\Program Files (x86)\apache-maven-3.9.11-bin\apache-maven-3.9.11\bin;C:\Users\penme\.jdks\azul-21.0.8\bin;C:\Users\penme\.jdks\azul-21.0.8\;;."/>
    <property name="java.vm.info" value="mixed mode, sharing"/>
    <property name="stderr.encoding" value="Cp1252"/>
    <property name="java.vendor" value="Azul Systems, Inc."/>
    <property name="java.vm.version" value="21.0.8+9-LTS"/>
    <property name="sun.io.unicode.encoding" value="UnicodeLittle"/>
    <property name="java.class.version" value="65.0"/>
  </properties>
  <testcase name="test_AddMultipleItems_CalculatesTotal" classname="com.example.ShoppingCartTest" time="0.003"/>
  <testcase name="test_CheckoutEmptyCart_ThrowsException" classname="com.example.ShoppingCartTest" time="0.003"/>
  <testcase name="test_AddItemAfterCheckout_ThrowsException" classname="com.example.ShoppingCartTest" time="0.003"/>
  <testcase name="test_ClearCart_ResetsAllValues" classname="com.example.ShoppingCartTest" time="0.006"/>
  <testcase name="test_CheckoutWithItems_Success" classname="com.example.ShoppingCartTest" time="0.003"/>
  <testcase name="test_RemoveItem_UpdatesCartCorrectly" classname="com.example.ShoppingCartTest" time="0.0"/>
  <testcase name="test_AddItemToEmptyCart" classname="com.example.ShoppingCartTest" time="0.0"/>
  <testcase name="test_RemoveNonExistentItem" classname="com.example.ShoppingCartTest$EdgeCaseTests" time="0.003"/>
  <testcase name="test_AddItemWithZeroPrice" classname="com.example.ShoppingCartTest$EdgeCaseTests" time="0.03"/>
</testsuite>